# pipeline trace log
# created_at=2026-04-24 14:49:21
[pipeline-trace] wall=14:49:27 elapsed=4.619s phase=train event=dispatch trial=0 stage=1/2
[pipeline-trace] wall=14:49:27 elapsed=4.625s phase=train event=dispatch trial=1 stage=1/2
[pipeline-trace] wall=14:49:43 elapsed=19.995s phase=train event=complete trial=1 stage=1/2 stage_duration_sec=15.370
[pipeline-trace] wall=14:49:43 elapsed=19.996s phase=train event=dispatch trial=2 stage=1/2
[pipeline-trace] wall=14:49:43 elapsed=19.998s phase=train event=dispatch trial=1 stage=2/2
[pipeline-trace] wall=14:49:47 elapsed=24.380s phase=train event=complete trial=0 stage=1/2 stage_duration_sec=19.761
[pipeline-trace] wall=14:49:47 elapsed=24.390s phase=train event=dispatch trial=3 stage=1/2
[pipeline-trace] wall=14:49:52 elapsed=29.945s phase=train event=complete trial=2 stage=1/2 stage_duration_sec=9.949
[pipeline-trace] wall=14:49:58 elapsed=35.449s phase=train event=complete trial=1 stage=2/2 stage_duration_sec=15.451
[pipeline-trace] wall=14:49:58 elapsed=35.450s phase=train event=dispatch trial=0 stage=2/2
[pipeline-trace] wall=14:50:00 elapsed=37.066s phase=train event=complete trial=3 stage=1/2 stage_duration_sec=12.677
[pipeline-trace] wall=14:50:14 elapsed=51.308s phase=train event=complete trial=0 stage=2/2 stage_duration_sec=15.857
[pipeline-trace] wall=14:50:14 elapsed=51.308s phase=train event=dispatch trial=2 stage=2/2
[pipeline-trace] wall=14:50:22 elapsed=59.590s phase=train event=complete trial=2 stage=2/2 stage_duration_sec=8.282
[pipeline-trace] wall=14:50:22 elapsed=59.591s phase=train event=dispatch trial=3 stage=2/2
[pipeline-trace] wall=14:50:33 elapsed=70.330s phase=train event=complete trial=3 stage=2/2 stage_duration_sec=10.740
[pipeline-trace] wall=14:50:33 elapsed=70.331s phase=eval event=dispatch trial=0 stage=1/2
[pipeline-trace] wall=14:50:33 elapsed=70.507s phase=eval event=complete trial=0 stage=1/2 stage_duration_sec=0.176
[pipeline-trace] wall=14:50:33 elapsed=70.508s phase=eval event=dispatch trial=1 stage=1/2
[pipeline-trace] wall=14:50:33 elapsed=70.512s phase=eval event=dispatch trial=0 stage=2/2
[pipeline-trace] wall=14:50:33 elapsed=70.657s phase=eval event=complete trial=1 stage=1/2 stage_duration_sec=0.149
[pipeline-trace] wall=14:50:33 elapsed=70.658s phase=eval event=dispatch trial=2 stage=1/2
[pipeline-trace] wall=14:50:33 elapsed=70.698s phase=eval event=complete trial=0 stage=2/2 stage_duration_sec=0.186
[pipeline-trace] wall=14:50:33 elapsed=70.699s phase=eval event=dispatch trial=1 stage=2/2
[pipeline-trace] wall=14:50:33 elapsed=70.768s phase=eval event=complete trial=2 stage=1/2 stage_duration_sec=0.110
[pipeline-trace] wall=14:50:33 elapsed=70.768s phase=eval event=dispatch trial=3 stage=1/2
[pipeline-trace] wall=14:50:33 elapsed=70.839s phase=eval event=complete trial=1 stage=2/2 stage_duration_sec=0.141
[pipeline-trace] wall=14:50:33 elapsed=70.840s phase=eval event=dispatch trial=2 stage=2/2
[pipeline-trace] wall=14:50:33 elapsed=70.885s phase=eval event=complete trial=3 stage=1/2 stage_duration_sec=0.116
[pipeline-trace] wall=14:50:33 elapsed=70.950s phase=eval event=complete trial=2 stage=2/2 stage_duration_sec=0.110
[pipeline-trace] wall=14:50:33 elapsed=70.951s phase=eval event=dispatch trial=3 stage=2/2
[pipeline-trace] wall=14:50:34 elapsed=71.056s phase=eval event=complete trial=3 stage=2/2 stage_duration_sec=0.106
[pipeline-trace] wall=14:50:35 elapsed=1.006s phase=train event=dispatch trial=0 stage=1/2
[pipeline-trace] wall=14:50:35 elapsed=1.015s phase=train event=dispatch trial=1 stage=1/2
[pipeline-trace] wall=14:50:49 elapsed=15.239s phase=train event=complete trial=0 stage=1/2 stage_duration_sec=14.233
[pipeline-trace] wall=14:50:49 elapsed=15.240s phase=train event=dispatch trial=2 stage=1/2
[pipeline-trace] wall=14:50:49 elapsed=15.243s phase=train event=dispatch trial=0 stage=2/2
[pipeline-trace] wall=14:50:49 elapsed=15.306s phase=train event=complete trial=1 stage=1/2 stage_duration_sec=14.291
[pipeline-trace] wall=14:50:49 elapsed=15.307s phase=train event=dispatch trial=3 stage=1/2
[pipeline-trace] wall=14:51:03 elapsed=29.505s phase=train event=complete trial=2 stage=1/2 stage_duration_sec=14.265
[pipeline-trace] wall=14:51:05 elapsed=31.165s phase=train event=complete trial=3 stage=1/2 stage_duration_sec=15.858
[pipeline-trace] wall=14:51:05 elapsed=31.739s phase=train event=complete trial=0 stage=2/2 stage_duration_sec=16.497
[pipeline-trace] wall=14:51:05 elapsed=31.740s phase=train event=dispatch trial=1 stage=2/2
[pipeline-trace] wall=14:51:17 elapsed=42.924s phase=train event=complete trial=1 stage=2/2 stage_duration_sec=11.184
[pipeline-trace] wall=14:51:17 elapsed=42.925s phase=train event=dispatch trial=2 stage=2/2
[pipeline-trace] wall=14:51:26 elapsed=52.482s phase=train event=complete trial=2 stage=2/2 stage_duration_sec=9.558
[pipeline-trace] wall=14:51:26 elapsed=52.483s phase=train event=dispatch trial=3 stage=2/2
[pipeline-trace] wall=14:51:37 elapsed=63.555s phase=train event=complete trial=3 stage=2/2 stage_duration_sec=11.072
[pipeline-trace] wall=14:51:37 elapsed=63.556s phase=eval event=dispatch trial=0 stage=1/2
[pipeline-trace] wall=14:51:37 elapsed=63.687s phase=eval event=complete trial=0 stage=1/2 stage_duration_sec=0.131
[pipeline-trace] wall=14:51:37 elapsed=63.687s phase=eval event=dispatch trial=1 stage=1/2
[pipeline-trace] wall=14:51:37 elapsed=63.691s phase=eval event=dispatch trial=0 stage=2/2
[pipeline-trace] wall=14:51:37 elapsed=63.808s phase=eval event=complete trial=1 stage=1/2 stage_duration_sec=0.121
[pipeline-trace] wall=14:51:37 elapsed=63.809s phase=eval event=dispatch trial=2 stage=1/2
[pipeline-trace] wall=14:51:37 elapsed=63.827s phase=eval event=complete trial=0 stage=2/2 stage_duration_sec=0.136
[pipeline-trace] wall=14:51:37 elapsed=63.827s phase=eval event=dispatch trial=1 stage=2/2
[pipeline-trace] wall=14:51:38 elapsed=63.917s phase=eval event=complete trial=2 stage=1/2 stage_duration_sec=0.109
[pipeline-trace] wall=14:51:38 elapsed=63.918s phase=eval event=dispatch trial=3 stage=1/2
[pipeline-trace] wall=14:51:38 elapsed=63.938s phase=eval event=complete trial=1 stage=2/2 stage_duration_sec=0.111
[pipeline-trace] wall=14:51:38 elapsed=63.939s phase=eval event=dispatch trial=2 stage=2/2
[pipeline-trace] wall=14:51:38 elapsed=64.043s phase=eval event=complete trial=2 stage=2/2 stage_duration_sec=0.104
[pipeline-trace] wall=14:51:38 elapsed=64.049s phase=eval event=complete trial=3 stage=1/2 stage_duration_sec=0.131
[pipeline-trace] wall=14:51:38 elapsed=64.049s phase=eval event=dispatch trial=3 stage=2/2
[pipeline-trace] wall=14:51:38 elapsed=64.168s phase=eval event=complete trial=3 stage=2/2 stage_duration_sec=0.119
[pipeline-trace] wall=14:51:39 elapsed=0.774s phase=train event=dispatch trial=0 stage=1/2
[pipeline-trace] wall=14:51:39 elapsed=0.780s phase=train event=dispatch trial=1 stage=1/2
[pipeline-trace] wall=14:51:53 elapsed=14.967s phase=train event=complete trial=0 stage=1/2 stage_duration_sec=14.193
[pipeline-trace] wall=14:51:53 elapsed=14.968s phase=train event=dispatch trial=2 stage=1/2
[pipeline-trace] wall=14:51:53 elapsed=14.971s phase=train event=dispatch trial=0 stage=2/2
[pipeline-trace] wall=14:51:55 elapsed=16.915s phase=train event=complete trial=1 stage=1/2 stage_duration_sec=16.135
[pipeline-trace] wall=14:51:55 elapsed=16.915s phase=train event=dispatch trial=3 stage=1/2
[pipeline-trace] wall=14:52:06 elapsed=27.845s phase=train event=complete trial=2 stage=1/2 stage_duration_sec=12.877
[pipeline-trace] wall=14:52:06 elapsed=28.646s phase=train event=complete trial=0 stage=2/2 stage_duration_sec=13.675
[pipeline-trace] wall=14:52:06 elapsed=28.646s phase=train event=dispatch trial=1 stage=2/2
[pipeline-trace] wall=14:52:08 elapsed=29.732s phase=train event=complete trial=3 stage=1/2 stage_duration_sec=12.816
[pipeline-trace] wall=14:52:20 elapsed=42.041s phase=train event=complete trial=1 stage=2/2 stage_duration_sec=13.394
[pipeline-trace] wall=14:52:20 elapsed=42.041s phase=train event=dispatch trial=2 stage=2/2
[pipeline-trace] wall=14:52:32 elapsed=54.232s phase=train event=complete trial=2 stage=2/2 stage_duration_sec=12.191
[pipeline-trace] wall=14:52:32 elapsed=54.233s phase=train event=dispatch trial=3 stage=2/2
[pipeline-trace] wall=14:52:43 elapsed=65.580s phase=train event=complete trial=3 stage=2/2 stage_duration_sec=11.347
[pipeline-trace] wall=14:52:43 elapsed=65.581s phase=eval event=dispatch trial=0 stage=1/2
[pipeline-trace] wall=14:52:44 elapsed=65.702s phase=eval event=complete trial=0 stage=1/2 stage_duration_sec=0.122
[pipeline-trace] wall=14:52:44 elapsed=65.703s phase=eval event=dispatch trial=1 stage=1/2
[pipeline-trace] wall=14:52:44 elapsed=65.706s phase=eval event=dispatch trial=0 stage=2/2
[pipeline-trace] wall=14:52:44 elapsed=65.829s phase=eval event=complete trial=0 stage=2/2 stage_duration_sec=0.123
[pipeline-trace] wall=14:52:44 elapsed=65.887s phase=eval event=complete trial=1 stage=1/2 stage_duration_sec=0.184
[pipeline-trace] wall=14:52:44 elapsed=65.888s phase=eval event=dispatch trial=2 stage=1/2
[pipeline-trace] wall=14:52:44 elapsed=65.892s phase=eval event=dispatch trial=1 stage=2/2
[pipeline-trace] wall=14:52:44 elapsed=66.041s phase=eval event=complete trial=2 stage=1/2 stage_duration_sec=0.153
[pipeline-trace] wall=14:52:44 elapsed=66.042s phase=eval event=dispatch trial=3 stage=1/2
[pipeline-trace] wall=14:52:44 elapsed=66.083s phase=eval event=complete trial=1 stage=2/2 stage_duration_sec=0.192
[pipeline-trace] wall=14:52:44 elapsed=66.084s phase=eval event=dispatch trial=2 stage=2/2
[pipeline-trace] wall=14:52:44 elapsed=66.162s phase=eval event=complete trial=3 stage=1/2 stage_duration_sec=0.120
[pipeline-trace] wall=14:52:44 elapsed=66.192s phase=eval event=complete trial=2 stage=2/2 stage_duration_sec=0.108
[pipeline-trace] wall=14:52:44 elapsed=66.193s phase=eval event=dispatch trial=3 stage=2/2
[pipeline-trace] wall=14:52:44 elapsed=66.298s phase=eval event=complete trial=3 stage=2/2 stage_duration_sec=0.105
[pipeline-trace] wall=14:52:45 elapsed=0.845s phase=train event=dispatch trial=0 stage=1/2
[pipeline-trace] wall=14:52:45 elapsed=0.850s phase=train event=dispatch trial=1 stage=1/2
[pipeline-trace] wall=14:52:57 elapsed=12.761s phase=train event=complete trial=1 stage=1/2 stage_duration_sec=11.911
[pipeline-trace] wall=14:52:57 elapsed=12.761s phase=train event=dispatch trial=2 stage=1/2
[pipeline-trace] wall=14:52:57 elapsed=12.764s phase=train event=dispatch trial=1 stage=2/2
[pipeline-trace] wall=14:52:57 elapsed=13.356s phase=train event=complete trial=0 stage=1/2 stage_duration_sec=12.510
[pipeline-trace] wall=14:52:57 elapsed=13.356s phase=train event=dispatch trial=3 stage=1/2
[pipeline-trace] wall=14:53:08 elapsed=24.208s phase=train event=complete trial=1 stage=2/2 stage_duration_sec=11.444
[pipeline-trace] wall=14:53:08 elapsed=24.209s phase=train event=dispatch trial=0 stage=2/2
[pipeline-trace] wall=14:53:10 elapsed=26.296s phase=train event=complete trial=2 stage=1/2 stage_duration_sec=13.535
[pipeline-trace] wall=14:53:16 elapsed=31.939s phase=train event=complete trial=3 stage=1/2 stage_duration_sec=18.583
[pipeline-trace] wall=14:53:20 elapsed=35.427s phase=train event=complete trial=0 stage=2/2 stage_duration_sec=11.218
[pipeline-trace] wall=14:53:20 elapsed=35.428s phase=train event=dispatch trial=2 stage=2/2
[pipeline-trace] wall=14:53:32 elapsed=47.556s phase=train event=complete trial=2 stage=2/2 stage_duration_sec=12.128
[pipeline-trace] wall=14:53:32 elapsed=47.557s phase=train event=dispatch trial=3 stage=2/2
[pipeline-trace] wall=14:53:48 elapsed=63.868s phase=train event=complete trial=3 stage=2/2 stage_duration_sec=16.312
[pipeline-trace] wall=14:53:48 elapsed=63.869s phase=eval event=dispatch trial=0 stage=1/2
[pipeline-trace] wall=14:53:48 elapsed=63.982s phase=eval event=complete trial=0 stage=1/2 stage_duration_sec=0.113
[pipeline-trace] wall=14:53:48 elapsed=63.983s phase=eval event=dispatch trial=1 stage=1/2
[pipeline-trace] wall=14:53:48 elapsed=63.987s phase=eval event=dispatch trial=0 stage=2/2
[pipeline-trace] wall=14:53:48 elapsed=64.087s phase=eval event=complete trial=1 stage=1/2 stage_duration_sec=0.104
[pipeline-trace] wall=14:53:48 elapsed=64.088s phase=eval event=dispatch trial=2 stage=1/2
[pipeline-trace] wall=14:53:48 elapsed=64.099s phase=eval event=complete trial=0 stage=2/2 stage_duration_sec=0.112
[pipeline-trace] wall=14:53:48 elapsed=64.099s phase=eval event=dispatch trial=1 stage=2/2
[pipeline-trace] wall=14:53:48 elapsed=64.200s phase=eval event=complete trial=1 stage=2/2 stage_duration_sec=0.101
[pipeline-trace] wall=14:53:48 elapsed=64.229s phase=eval event=complete trial=2 stage=1/2 stage_duration_sec=0.141
[pipeline-trace] wall=14:53:48 elapsed=64.230s phase=eval event=dispatch trial=3 stage=1/2
[pipeline-trace] wall=14:53:48 elapsed=64.234s phase=eval event=dispatch trial=2 stage=2/2
[pipeline-trace] wall=14:53:49 elapsed=64.367s phase=eval event=complete trial=2 stage=2/2 stage_duration_sec=0.133
[pipeline-trace] wall=14:53:49 elapsed=64.394s phase=eval event=complete trial=3 stage=1/2 stage_duration_sec=0.164
[pipeline-trace] wall=14:53:49 elapsed=64.395s phase=eval event=dispatch trial=3 stage=2/2
[pipeline-trace] wall=14:53:49 elapsed=64.546s phase=eval event=complete trial=3 stage=2/2 stage_duration_sec=0.152
[pipeline-trace] wall=14:53:49 elapsed=0.688s phase=train event=dispatch trial=0 stage=1/2
[pipeline-trace] wall=14:53:49 elapsed=0.693s phase=train event=dispatch trial=1 stage=1/2
[pipeline-trace] wall=14:54:03 elapsed=14.303s phase=train event=complete trial=0 stage=1/2 stage_duration_sec=13.614
[pipeline-trace] wall=14:54:03 elapsed=14.303s phase=train event=dispatch trial=2 stage=1/2
[pipeline-trace] wall=14:54:03 elapsed=14.306s phase=train event=dispatch trial=0 stage=2/2
[pipeline-trace] wall=14:54:04 elapsed=15.586s phase=train event=complete trial=1 stage=1/2 stage_duration_sec=14.893
[pipeline-trace] wall=14:54:04 elapsed=15.587s phase=train event=dispatch trial=3 stage=1/2
[pipeline-trace] wall=14:54:16 elapsed=26.917s phase=train event=complete trial=3 stage=1/2 stage_duration_sec=11.331
[pipeline-trace] wall=14:54:16 elapsed=27.107s phase=train event=complete trial=2 stage=1/2 stage_duration_sec=12.803
[pipeline-trace] wall=14:54:16 elapsed=27.673s phase=train event=complete trial=0 stage=2/2 stage_duration_sec=13.368
[pipeline-trace] wall=14:54:16 elapsed=27.674s phase=train event=dispatch trial=1 stage=2/2
[pipeline-trace] wall=14:54:28 elapsed=39.208s phase=train event=complete trial=1 stage=2/2 stage_duration_sec=11.534
[pipeline-trace] wall=14:54:28 elapsed=39.209s phase=train event=dispatch trial=3 stage=2/2
[pipeline-trace] wall=14:54:37 elapsed=48.379s phase=train event=complete trial=3 stage=2/2 stage_duration_sec=9.171
[pipeline-trace] wall=14:54:37 elapsed=48.380s phase=train event=dispatch trial=2 stage=2/2
[pipeline-trace] wall=14:54:48 elapsed=59.375s phase=train event=complete trial=2 stage=2/2 stage_duration_sec=10.995
[pipeline-trace] wall=14:54:48 elapsed=59.375s phase=eval event=dispatch trial=0 stage=1/2
[pipeline-trace] wall=14:54:48 elapsed=59.495s phase=eval event=complete trial=0 stage=1/2 stage_duration_sec=0.120
[pipeline-trace] wall=14:54:48 elapsed=59.496s phase=eval event=dispatch trial=1 stage=1/2
[pipeline-trace] wall=14:54:48 elapsed=59.500s phase=eval event=dispatch trial=0 stage=2/2
[pipeline-trace] wall=14:54:48 elapsed=59.608s phase=eval event=complete trial=0 stage=2/2 stage_duration_sec=0.108
[pipeline-trace] wall=14:54:48 elapsed=59.626s phase=eval event=complete trial=1 stage=1/2 stage_duration_sec=0.130
[pipeline-trace] wall=14:54:48 elapsed=59.626s phase=eval event=dispatch trial=2 stage=1/2
[pipeline-trace] wall=14:54:48 elapsed=59.629s phase=eval event=dispatch trial=1 stage=2/2
[pipeline-trace] wall=14:54:48 elapsed=59.757s phase=eval event=complete trial=2 stage=1/2 stage_duration_sec=0.131
[pipeline-trace] wall=14:54:48 elapsed=59.758s phase=eval event=dispatch trial=3 stage=1/2
[pipeline-trace] wall=14:54:48 elapsed=59.765s phase=eval event=complete trial=1 stage=2/2 stage_duration_sec=0.136
[pipeline-trace] wall=14:54:48 elapsed=59.766s phase=eval event=dispatch trial=2 stage=2/2
[pipeline-trace] wall=14:54:49 elapsed=59.864s phase=eval event=complete trial=3 stage=1/2 stage_duration_sec=0.106
[pipeline-trace] wall=14:54:49 elapsed=59.893s phase=eval event=complete trial=2 stage=2/2 stage_duration_sec=0.128
[pipeline-trace] wall=14:54:49 elapsed=59.894s phase=eval event=dispatch trial=3 stage=2/2
[pipeline-trace] wall=14:54:49 elapsed=60.031s phase=eval event=complete trial=3 stage=2/2 stage_duration_sec=0.137
[pipeline-trace] wall=14:54:50 elapsed=0.762s phase=train event=dispatch trial=0 stage=1/2
[pipeline-trace] wall=14:54:50 elapsed=0.767s phase=train event=dispatch trial=1 stage=1/2
[pipeline-trace] wall=14:55:04 elapsed=14.731s phase=train event=complete trial=0 stage=1/2 stage_duration_sec=13.969
[pipeline-trace] wall=14:55:04 elapsed=14.731s phase=train event=dispatch trial=2 stage=1/2
[pipeline-trace] wall=14:55:04 elapsed=14.734s phase=train event=dispatch trial=0 stage=2/2
[pipeline-trace] wall=14:55:13 elapsed=24.522s phase=train event=complete trial=1 stage=1/2 stage_duration_sec=23.756
[pipeline-trace] wall=14:55:13 elapsed=24.523s phase=train event=dispatch trial=3 stage=1/2
[pipeline-trace] wall=14:55:17 elapsed=28.406s phase=train event=complete trial=0 stage=2/2 stage_duration_sec=13.672
[pipeline-trace] wall=14:55:17 elapsed=28.407s phase=train event=dispatch trial=1 stage=2/2
[pipeline-trace] wall=14:55:18 elapsed=28.947s phase=train event=complete trial=2 stage=1/2 stage_duration_sec=14.216
[pipeline-trace] wall=14:55:27 elapsed=37.737s phase=train event=complete trial=3 stage=1/2 stage_duration_sec=13.214
[pipeline-trace] wall=14:55:37 elapsed=47.827s phase=train event=complete trial=1 stage=2/2 stage_duration_sec=19.420
[pipeline-trace] wall=14:55:37 elapsed=47.828s phase=train event=dispatch trial=2 stage=2/2
[pipeline-trace] wall=14:55:48 elapsed=59.294s phase=train event=complete trial=2 stage=2/2 stage_duration_sec=11.465
[pipeline-trace] wall=14:55:48 elapsed=59.294s phase=train event=dispatch trial=3 stage=2/2
[pipeline-trace] wall=14:55:59 elapsed=70.134s phase=train event=complete trial=3 stage=2/2 stage_duration_sec=10.840
[pipeline-trace] wall=14:55:59 elapsed=70.135s phase=eval event=dispatch trial=0 stage=1/2
[pipeline-trace] wall=14:55:59 elapsed=70.259s phase=eval event=complete trial=0 stage=1/2 stage_duration_sec=0.124
[pipeline-trace] wall=14:55:59 elapsed=70.260s phase=eval event=dispatch trial=1 stage=1/2
[pipeline-trace] wall=14:55:59 elapsed=70.265s phase=eval event=dispatch trial=0 stage=2/2
[pipeline-trace] wall=14:55:59 elapsed=70.387s phase=eval event=complete trial=0 stage=2/2 stage_duration_sec=0.123
[pipeline-trace] wall=14:55:59 elapsed=70.458s phase=eval event=complete trial=1 stage=1/2 stage_duration_sec=0.198
[pipeline-trace] wall=14:55:59 elapsed=70.458s phase=eval event=dispatch trial=2 stage=1/2
[pipeline-trace] wall=14:55:59 elapsed=70.462s phase=eval event=dispatch trial=1 stage=2/2
[pipeline-trace] wall=14:55:59 elapsed=70.578s phase=eval event=complete trial=2 stage=1/2 stage_duration_sec=0.120
[pipeline-trace] wall=14:55:59 elapsed=70.579s phase=eval event=dispatch trial=3 stage=1/2
[pipeline-trace] wall=14:55:59 elapsed=70.659s phase=eval event=complete trial=1 stage=2/2 stage_duration_sec=0.197
[pipeline-trace] wall=14:55:59 elapsed=70.660s phase=eval event=dispatch trial=2 stage=2/2
[pipeline-trace] wall=14:56:00 elapsed=70.721s phase=eval event=complete trial=3 stage=1/2 stage_duration_sec=0.142
[pipeline-trace] wall=14:56:00 elapsed=70.778s phase=eval event=complete trial=2 stage=2/2 stage_duration_sec=0.118
[pipeline-trace] wall=14:56:00 elapsed=70.778s phase=eval event=dispatch trial=3 stage=2/2
[pipeline-trace] wall=14:56:00 elapsed=70.920s phase=eval event=complete trial=3 stage=2/2 stage_duration_sec=0.142
[pipeline-trace] wall=14:56:01 elapsed=0.910s phase=train event=dispatch trial=0 stage=1/2
[pipeline-trace] wall=14:56:01 elapsed=0.916s phase=train event=dispatch trial=1 stage=1/2
[pipeline-trace] wall=14:56:16 elapsed=16.600s phase=train event=complete trial=1 stage=1/2 stage_duration_sec=15.684
[pipeline-trace] wall=14:56:16 elapsed=16.601s phase=train event=dispatch trial=2 stage=1/2
[pipeline-trace] wall=14:56:16 elapsed=16.604s phase=train event=dispatch trial=1 stage=2/2
[pipeline-trace] wall=14:56:17 elapsed=16.888s phase=train event=complete trial=0 stage=1/2 stage_duration_sec=15.977
[pipeline-trace] wall=14:56:17 elapsed=16.888s phase=train event=dispatch trial=3 stage=1/2
[pipeline-trace] wall=14:56:28 elapsed=28.743s phase=train event=complete trial=3 stage=1/2 stage_duration_sec=11.855
[pipeline-trace] wall=14:56:29 elapsed=29.473s phase=train event=complete trial=1 stage=2/2 stage_duration_sec=12.869
[pipeline-trace] wall=14:56:29 elapsed=29.474s phase=train event=dispatch trial=0 stage=2/2
[pipeline-trace] wall=14:56:35 elapsed=35.060s phase=train event=complete trial=2 stage=1/2 stage_duration_sec=18.460
[pipeline-trace] wall=14:56:40 elapsed=40.607s phase=train event=complete trial=0 stage=2/2 stage_duration_sec=11.133
[pipeline-trace] wall=14:56:40 elapsed=40.607s phase=train event=dispatch trial=3 stage=2/2
[pipeline-trace] wall=14:56:51 elapsed=51.688s phase=train event=complete trial=3 stage=2/2 stage_duration_sec=11.080
[pipeline-trace] wall=14:56:51 elapsed=51.689s phase=train event=dispatch trial=2 stage=2/2
[pipeline-trace] wall=14:57:08 elapsed=68.727s phase=train event=complete trial=2 stage=2/2 stage_duration_sec=17.039
[pipeline-trace] wall=14:57:08 elapsed=68.728s phase=eval event=dispatch trial=0 stage=1/2
[pipeline-trace] wall=14:57:09 elapsed=68.847s phase=eval event=complete trial=0 stage=1/2 stage_duration_sec=0.119
[pipeline-trace] wall=14:57:09 elapsed=68.848s phase=eval event=dispatch trial=1 stage=1/2
[pipeline-trace] wall=14:57:09 elapsed=68.851s phase=eval event=dispatch trial=0 stage=2/2
[pipeline-trace] wall=14:57:09 elapsed=68.964s phase=eval event=complete trial=1 stage=1/2 stage_duration_sec=0.116
[pipeline-trace] wall=14:57:09 elapsed=68.965s phase=eval event=dispatch trial=2 stage=1/2
[pipeline-trace] wall=14:57:09 elapsed=68.971s phase=eval event=complete trial=0 stage=2/2 stage_duration_sec=0.120
[pipeline-trace] wall=14:57:09 elapsed=68.972s phase=eval event=dispatch trial=1 stage=2/2
[pipeline-trace] wall=14:57:09 elapsed=69.076s phase=eval event=complete trial=1 stage=2/2 stage_duration_sec=0.104
[pipeline-trace] wall=14:57:09 elapsed=69.122s phase=eval event=complete trial=2 stage=1/2 stage_duration_sec=0.157
[pipeline-trace] wall=14:57:09 elapsed=69.123s phase=eval event=dispatch trial=3 stage=1/2
[pipeline-trace] wall=14:57:09 elapsed=69.127s phase=eval event=dispatch trial=2 stage=2/2
[pipeline-trace] wall=14:57:09 elapsed=69.235s phase=eval event=complete trial=3 stage=1/2 stage_duration_sec=0.112
[pipeline-trace] wall=14:57:09 elapsed=69.282s phase=eval event=complete trial=2 stage=2/2 stage_duration_sec=0.155
[pipeline-trace] wall=14:57:09 elapsed=69.282s phase=eval event=dispatch trial=3 stage=2/2
[pipeline-trace] wall=14:57:09 elapsed=69.385s phase=eval event=complete trial=3 stage=2/2 stage_duration_sec=0.103
[pipeline-trace] wall=14:57:10 elapsed=0.745s phase=train event=dispatch trial=0 stage=1/2
[pipeline-trace] wall=14:57:10 elapsed=0.750s phase=train event=dispatch trial=1 stage=1/2
[pipeline-trace] wall=14:57:21 elapsed=12.138s phase=train event=complete trial=0 stage=1/2 stage_duration_sec=11.393
[pipeline-trace] wall=14:57:21 elapsed=12.139s phase=train event=dispatch trial=0 stage=2/2
[pipeline-trace] wall=14:57:24 elapsed=14.607s phase=train event=complete trial=1 stage=1/2 stage_duration_sec=13.857
[pipeline-trace] wall=14:57:31 elapsed=21.482s phase=train event=complete trial=0 stage=2/2 stage_duration_sec=9.343
[pipeline-trace] wall=14:57:31 elapsed=21.482s phase=train event=dispatch trial=1 stage=2/2
[pipeline-trace] wall=14:57:41 elapsed=31.940s phase=train event=complete trial=1 stage=2/2 stage_duration_sec=10.458
[pipeline-trace] wall=14:57:41 elapsed=31.941s phase=eval event=dispatch trial=0 stage=1/2
[pipeline-trace] wall=14:57:41 elapsed=32.047s phase=eval event=complete trial=0 stage=1/2 stage_duration_sec=0.106
[pipeline-trace] wall=14:57:41 elapsed=32.048s phase=eval event=dispatch trial=1 stage=1/2
[pipeline-trace] wall=14:57:41 elapsed=32.051s phase=eval event=dispatch trial=0 stage=2/2
[pipeline-trace] wall=14:57:41 elapsed=32.156s phase=eval event=complete trial=0 stage=2/2 stage_duration_sec=0.105
[pipeline-trace] wall=14:57:41 elapsed=32.168s phase=eval event=complete trial=1 stage=1/2 stage_duration_sec=0.120
[pipeline-trace] wall=14:57:41 elapsed=32.168s phase=eval event=dispatch trial=1 stage=2/2
[pipeline-trace] wall=14:57:41 elapsed=32.275s phase=eval event=complete trial=1 stage=2/2 stage_duration_sec=0.107
[pipeline-trace] wall=14:57:42 elapsed=0.781s phase=train event=dispatch trial=0 stage=1/2
[pipeline-trace] wall=14:57:42 elapsed=0.789s phase=train event=dispatch trial=1 stage=1/2
[pipeline-trace] wall=14:58:04 elapsed=22.150s phase=train event=complete trial=1 stage=1/2 stage_duration_sec=21.361
[pipeline-trace] wall=14:58:04 elapsed=22.151s phase=train event=dispatch trial=2 stage=1/2
[pipeline-trace] wall=14:58:04 elapsed=22.153s phase=train event=dispatch trial=1 stage=2/2
[pipeline-trace] wall=14:58:05 elapsed=23.898s phase=train event=complete trial=0 stage=1/2 stage_duration_sec=23.117
[pipeline-trace] wall=14:58:05 elapsed=23.899s phase=train event=dispatch trial=3 stage=1/2
[pipeline-trace] wall=14:58:25 elapsed=43.145s phase=train event=complete trial=1 stage=2/2 stage_duration_sec=20.992
[pipeline-trace] wall=14:58:25 elapsed=43.146s phase=train event=dispatch trial=0 stage=2/2
[pipeline-trace] wall=14:58:25 elapsed=43.241s phase=train event=complete trial=2 stage=1/2 stage_duration_sec=21.090
[pipeline-trace] wall=14:58:25 elapsed=43.242s phase=train event=dispatch trial=4 stage=1/2
[pipeline-trace] wall=14:58:29 elapsed=47.265s phase=train event=complete trial=3 stage=1/2 stage_duration_sec=23.366
[pipeline-trace] wall=14:58:29 elapsed=47.266s phase=train event=dispatch trial=5 stage=1/2
[pipeline-trace] wall=14:58:45 elapsed=63.494s phase=train event=complete trial=4 stage=1/2 stage_duration_sec=20.252
[pipeline-trace] wall=14:58:45 elapsed=63.494s phase=train event=dispatch trial=6 stage=1/2
[pipeline-trace] wall=14:58:46 elapsed=64.609s phase=train event=complete trial=0 stage=2/2 stage_duration_sec=21.463
[pipeline-trace] wall=14:58:46 elapsed=64.610s phase=train event=dispatch trial=2 stage=2/2
[pipeline-trace] wall=14:59:07 elapsed=85.107s phase=train event=complete trial=5 stage=1/2 stage_duration_sec=37.841
[pipeline-trace] wall=14:59:07 elapsed=85.108s phase=train event=dispatch trial=7 stage=1/2
[pipeline-trace] wall=14:59:07 elapsed=86.015s phase=train event=complete trial=2 stage=2/2 stage_duration_sec=21.405
[pipeline-trace] wall=14:59:07 elapsed=86.016s phase=train event=dispatch trial=3 stage=2/2
[pipeline-trace] wall=14:59:08 elapsed=86.567s phase=train event=complete trial=6 stage=1/2 stage_duration_sec=23.073
[pipeline-trace] wall=14:59:27 elapsed=105.971s phase=train event=complete trial=7 stage=1/2 stage_duration_sec=20.862
[pipeline-trace] wall=14:59:29 elapsed=107.740s phase=train event=complete trial=3 stage=2/2 stage_duration_sec=21.724
[pipeline-trace] wall=14:59:29 elapsed=107.740s phase=train event=dispatch trial=4 stage=2/2
[pipeline-trace] wall=14:59:46 elapsed=124.383s phase=train event=complete trial=4 stage=2/2 stage_duration_sec=16.643
[pipeline-trace] wall=14:59:46 elapsed=124.384s phase=train event=dispatch trial=5 stage=2/2
[pipeline-trace] wall=15:00:15 elapsed=153.837s phase=train event=complete trial=5 stage=2/2 stage_duration_sec=29.453
[pipeline-trace] wall=15:00:15 elapsed=153.837s phase=train event=dispatch trial=6 stage=2/2
[pipeline-trace] wall=15:00:35 elapsed=173.641s phase=train event=complete trial=6 stage=2/2 stage_duration_sec=19.803
[pipeline-trace] wall=15:00:35 elapsed=173.641s phase=train event=dispatch trial=7 stage=2/2
[pipeline-trace] wall=15:00:54 elapsed=192.165s phase=train event=complete trial=7 stage=2/2 stage_duration_sec=18.524
[pipeline-trace] wall=15:00:54 elapsed=192.166s phase=eval event=dispatch trial=0 stage=1/2
[pipeline-trace] wall=15:00:54 elapsed=192.316s phase=eval event=complete trial=0 stage=1/2 stage_duration_sec=0.150
[pipeline-trace] wall=15:00:54 elapsed=192.317s phase=eval event=dispatch trial=1 stage=1/2
[pipeline-trace] wall=15:00:54 elapsed=192.322s phase=eval event=dispatch trial=0 stage=2/2
[pipeline-trace] wall=15:00:54 elapsed=192.444s phase=eval event=complete trial=1 stage=1/2 stage_duration_sec=0.127
[pipeline-trace] wall=15:00:54 elapsed=192.445s phase=eval event=dispatch trial=2 stage=1/2
[pipeline-trace] wall=15:00:54 elapsed=192.467s phase=eval event=complete trial=0 stage=2/2 stage_duration_sec=0.145
[pipeline-trace] wall=15:00:54 elapsed=192.468s phase=eval event=dispatch trial=1 stage=2/2
[pipeline-trace] wall=15:00:54 elapsed=192.576s phase=eval event=complete trial=2 stage=1/2 stage_duration_sec=0.131
[pipeline-trace] wall=15:00:54 elapsed=192.577s phase=eval event=dispatch trial=3 stage=1/2
[pipeline-trace] wall=15:00:54 elapsed=192.596s phase=eval event=complete trial=1 stage=2/2 stage_duration_sec=0.128
[pipeline-trace] wall=15:00:54 elapsed=192.597s phase=eval event=dispatch trial=2 stage=2/2
[pipeline-trace] wall=15:00:54 elapsed=192.716s phase=eval event=complete trial=2 stage=2/2 stage_duration_sec=0.119
[pipeline-trace] wall=15:00:54 elapsed=192.744s phase=eval event=complete trial=3 stage=1/2 stage_duration_sec=0.167
[pipeline-trace] wall=15:00:54 elapsed=192.745s phase=eval event=dispatch trial=4 stage=1/2
[pipeline-trace] wall=15:00:54 elapsed=192.748s phase=eval event=dispatch trial=3 stage=2/2
[pipeline-trace] wall=15:00:54 elapsed=192.873s phase=eval event=complete trial=4 stage=1/2 stage_duration_sec=0.128
[pipeline-trace] wall=15:00:54 elapsed=192.874s phase=eval event=dispatch trial=5 stage=1/2
[pipeline-trace] wall=15:00:54 elapsed=192.922s phase=eval event=complete trial=3 stage=2/2 stage_duration_sec=0.174
[pipeline-trace] wall=15:00:54 elapsed=192.922s phase=eval event=dispatch trial=4 stage=2/2
[pipeline-trace] wall=15:00:54 elapsed=193.048s phase=eval event=complete trial=4 stage=2/2 stage_duration_sec=0.126
[pipeline-trace] wall=15:00:55 elapsed=193.100s phase=eval event=complete trial=5 stage=1/2 stage_duration_sec=0.227
[pipeline-trace] wall=15:00:55 elapsed=193.101s phase=eval event=dispatch trial=6 stage=1/2
[pipeline-trace] wall=15:00:55 elapsed=193.105s phase=eval event=dispatch trial=5 stage=2/2
[pipeline-trace] wall=15:00:55 elapsed=193.251s phase=eval event=complete trial=6 stage=1/2 stage_duration_sec=0.150
[pipeline-trace] wall=15:00:55 elapsed=193.252s phase=eval event=dispatch trial=7 stage=1/2
[pipeline-trace] wall=15:00:55 elapsed=193.391s phase=eval event=complete trial=5 stage=2/2 stage_duration_sec=0.287
[pipeline-trace] wall=15:00:55 elapsed=193.392s phase=eval event=dispatch trial=6 stage=2/2
[pipeline-trace] wall=15:00:55 elapsed=193.414s phase=eval event=complete trial=7 stage=1/2 stage_duration_sec=0.163
[pipeline-trace] wall=15:00:55 elapsed=193.547s phase=eval event=complete trial=6 stage=2/2 stage_duration_sec=0.155
[pipeline-trace] wall=15:00:55 elapsed=193.548s phase=eval event=dispatch trial=7 stage=2/2
[pipeline-trace] wall=15:00:55 elapsed=193.678s phase=eval event=complete trial=7 stage=2/2 stage_duration_sec=0.130
