# pipeline trace log
# created_at=2026-04-24 14:00:22
[pipeline-trace] wall=14:00:30 elapsed=5.845s phase=train event=dispatch trial=0 stage=1/2
[pipeline-trace] wall=14:00:30 elapsed=5.851s phase=train event=dispatch trial=1 stage=1/2
[pipeline-trace] wall=14:00:30 elapsed=5.856s phase=train event=dispatch trial=2 stage=1/2
[pipeline-trace] wall=14:00:30 elapsed=5.861s phase=train event=dispatch trial=3 stage=1/2
[pipeline-trace] wall=14:01:07 elapsed=43.086s phase=train event=complete trial=0 stage=1/2 stage_duration_sec=37.241
[pipeline-trace] wall=14:01:07 elapsed=43.087s phase=train event=dispatch trial=0 stage=2/2
[pipeline-trace] wall=14:01:55 elapsed=90.927s phase=train event=complete trial=1 stage=1/2 stage_duration_sec=85.076
[pipeline-trace] wall=14:01:55 elapsed=90.928s phase=train event=dispatch trial=1 stage=2/2
[pipeline-trace] wall=14:02:10 elapsed=105.565s phase=train event=complete trial=0 stage=2/2 stage_duration_sec=62.478
[pipeline-trace] wall=14:02:27 elapsed=122.854s phase=train event=complete trial=2 stage=1/2 stage_duration_sec=116.998
[pipeline-trace] wall=14:02:27 elapsed=122.856s phase=train event=dispatch trial=2 stage=2/2
[pipeline-trace] wall=14:02:54 elapsed=150.207s phase=train event=complete trial=1 stage=2/2 stage_duration_sec=59.279
[pipeline-trace] wall=14:03:06 elapsed=161.868s phase=train event=complete trial=3 stage=1/2 stage_duration_sec=156.007
[pipeline-trace] wall=14:03:06 elapsed=161.870s phase=train event=dispatch trial=3 stage=2/2
[pipeline-trace] wall=14:03:25 elapsed=180.769s phase=train event=complete trial=2 stage=2/2 stage_duration_sec=57.913
[pipeline-trace] wall=14:04:03 elapsed=219.108s phase=train event=complete trial=3 stage=2/2 stage_duration_sec=57.238
[pipeline-trace] wall=14:04:03 elapsed=219.110s phase=eval event=dispatch trial=0 stage=1/2
[pipeline-trace] wall=14:04:03 elapsed=219.126s phase=eval event=dispatch trial=1 stage=1/2
[pipeline-trace] wall=14:04:03 elapsed=219.140s phase=eval event=dispatch trial=2 stage=1/2
[pipeline-trace] wall=14:04:03 elapsed=219.153s phase=eval event=dispatch trial=3 stage=1/2
[pipeline-trace] wall=14:04:04 elapsed=219.674s phase=eval event=complete trial=0 stage=1/2 stage_duration_sec=0.563
[pipeline-trace] wall=14:04:04 elapsed=219.678s phase=eval event=dispatch trial=0 stage=2/2
[pipeline-trace] wall=14:04:04 elapsed=220.101s phase=eval event=complete trial=1 stage=1/2 stage_duration_sec=0.975
[pipeline-trace] wall=14:04:04 elapsed=220.102s phase=eval event=dispatch trial=1 stage=2/2
[pipeline-trace] wall=14:04:04 elapsed=220.214s phase=eval event=complete trial=0 stage=2/2 stage_duration_sec=0.536
[pipeline-trace] wall=14:04:04 elapsed=220.396s phase=eval event=complete trial=2 stage=1/2 stage_duration_sec=1.256
[pipeline-trace] wall=14:04:04 elapsed=220.398s phase=eval event=dispatch trial=2 stage=2/2
[pipeline-trace] wall=14:04:05 elapsed=220.608s phase=eval event=complete trial=1 stage=2/2 stage_duration_sec=0.506
[pipeline-trace] wall=14:04:05 elapsed=220.748s phase=eval event=complete trial=3 stage=1/2 stage_duration_sec=1.595
[pipeline-trace] wall=14:04:05 elapsed=220.750s phase=eval event=dispatch trial=3 stage=2/2
[pipeline-trace] wall=14:04:05 elapsed=220.877s phase=eval event=complete trial=2 stage=2/2 stage_duration_sec=0.479
[pipeline-trace] wall=14:04:05 elapsed=221.217s phase=eval event=complete trial=3 stage=2/2 stage_duration_sec=0.468
[pipeline-trace] wall=14:04:07 elapsed=1.421s phase=train event=dispatch trial=0 stage=1/2
[pipeline-trace] wall=14:04:07 elapsed=1.441s phase=train event=dispatch trial=1 stage=1/2
[pipeline-trace] wall=14:04:07 elapsed=1.452s phase=train event=dispatch trial=2 stage=1/2
[pipeline-trace] wall=14:04:07 elapsed=1.466s phase=train event=dispatch trial=3 stage=1/2
[pipeline-trace] wall=14:04:54 elapsed=48.601s phase=train event=complete trial=0 stage=1/2 stage_duration_sec=47.180
[pipeline-trace] wall=14:04:54 elapsed=48.603s phase=train event=dispatch trial=0 stage=2/2
[pipeline-trace] wall=14:05:34 elapsed=88.688s phase=train event=complete trial=1 stage=1/2 stage_duration_sec=87.247
[pipeline-trace] wall=14:05:34 elapsed=88.690s phase=train event=dispatch trial=1 stage=2/2
[pipeline-trace] wall=14:05:36 elapsed=90.326s phase=train event=complete trial=0 stage=2/2 stage_duration_sec=41.723
[pipeline-trace] wall=14:06:08 elapsed=122.425s phase=train event=complete trial=2 stage=1/2 stage_duration_sec=120.973
[pipeline-trace] wall=14:06:08 elapsed=122.427s phase=train event=dispatch trial=2 stage=2/2
[pipeline-trace] wall=14:06:12 elapsed=126.959s phase=train event=complete trial=1 stage=2/2 stage_duration_sec=38.269
[pipeline-trace] wall=14:06:44 elapsed=159.140s phase=train event=complete trial=2 stage=2/2 stage_duration_sec=36.713
[pipeline-trace] wall=14:06:45 elapsed=159.819s phase=train event=complete trial=3 stage=1/2 stage_duration_sec=158.353
[pipeline-trace] wall=14:06:45 elapsed=159.821s phase=train event=dispatch trial=3 stage=2/2
[pipeline-trace] wall=14:07:22 elapsed=196.621s phase=train event=complete trial=3 stage=2/2 stage_duration_sec=36.799
[pipeline-trace] wall=14:07:22 elapsed=196.623s phase=eval event=dispatch trial=0 stage=1/2
[pipeline-trace] wall=14:07:22 elapsed=196.642s phase=eval event=dispatch trial=1 stage=1/2
[pipeline-trace] wall=14:07:22 elapsed=196.657s phase=eval event=dispatch trial=2 stage=1/2
[pipeline-trace] wall=14:07:22 elapsed=196.673s phase=eval event=dispatch trial=3 stage=1/2
[pipeline-trace] wall=14:07:22 elapsed=197.100s phase=eval event=complete trial=0 stage=1/2 stage_duration_sec=0.477
[pipeline-trace] wall=14:07:22 elapsed=197.102s phase=eval event=dispatch trial=0 stage=2/2
[pipeline-trace] wall=14:07:23 elapsed=197.498s phase=eval event=complete trial=1 stage=1/2 stage_duration_sec=0.856
[pipeline-trace] wall=14:07:23 elapsed=197.499s phase=eval event=dispatch trial=1 stage=2/2
[pipeline-trace] wall=14:07:23 elapsed=197.568s phase=eval event=complete trial=0 stage=2/2 stage_duration_sec=0.466
[pipeline-trace] wall=14:07:23 elapsed=197.836s phase=eval event=complete trial=2 stage=1/2 stage_duration_sec=1.179
[pipeline-trace] wall=14:07:23 elapsed=197.838s phase=eval event=dispatch trial=2 stage=2/2
[pipeline-trace] wall=14:07:23 elapsed=197.906s phase=eval event=complete trial=1 stage=2/2 stage_duration_sec=0.407
[pipeline-trace] wall=14:07:24 elapsed=198.219s phase=eval event=complete trial=2 stage=2/2 stage_duration_sec=0.382
[pipeline-trace] wall=14:07:24 elapsed=198.317s phase=eval event=complete trial=3 stage=1/2 stage_duration_sec=1.645
[pipeline-trace] wall=14:07:24 elapsed=198.320s phase=eval event=dispatch trial=3 stage=2/2
[pipeline-trace] wall=14:07:24 elapsed=198.766s phase=eval event=complete trial=3 stage=2/2 stage_duration_sec=0.446
[pipeline-trace] wall=14:07:26 elapsed=1.428s phase=train event=dispatch trial=0 stage=1/2
[pipeline-trace] wall=14:07:26 elapsed=1.438s phase=train event=dispatch trial=1 stage=1/2
[pipeline-trace] wall=14:07:26 elapsed=1.447s phase=train event=dispatch trial=2 stage=1/2
[pipeline-trace] wall=14:07:26 elapsed=1.457s phase=train event=dispatch trial=3 stage=1/2
[pipeline-trace] wall=14:07:58 elapsed=33.484s phase=train event=complete trial=0 stage=1/2 stage_duration_sec=32.056
[pipeline-trace] wall=14:07:58 elapsed=33.485s phase=train event=dispatch trial=0 stage=2/2
[pipeline-trace] wall=14:08:09 elapsed=45.294s phase=train event=complete trial=0 stage=2/2 stage_duration_sec=11.809
[pipeline-trace] wall=14:08:11 elapsed=46.408s phase=train event=complete trial=1 stage=1/2 stage_duration_sec=44.970
[pipeline-trace] wall=14:08:11 elapsed=46.408s phase=train event=dispatch trial=1 stage=2/2
[pipeline-trace] wall=14:08:20 elapsed=55.691s phase=train event=complete trial=2 stage=1/2 stage_duration_sec=54.244
[pipeline-trace] wall=14:08:20 elapsed=55.692s phase=train event=dispatch trial=2 stage=2/2
[pipeline-trace] wall=14:08:21 elapsed=56.689s phase=train event=complete trial=1 stage=2/2 stage_duration_sec=10.281
[pipeline-trace] wall=14:08:29 elapsed=65.072s phase=train event=complete trial=3 stage=1/2 stage_duration_sec=63.615
[pipeline-trace] wall=14:08:29 elapsed=65.073s phase=train event=dispatch trial=3 stage=2/2
[pipeline-trace] wall=14:08:30 elapsed=65.536s phase=train event=complete trial=2 stage=2/2 stage_duration_sec=9.845
[pipeline-trace] wall=14:08:38 elapsed=74.299s phase=train event=complete trial=3 stage=2/2 stage_duration_sec=9.227
[pipeline-trace] wall=14:08:38 elapsed=74.300s phase=eval event=dispatch trial=0 stage=1/2
[pipeline-trace] wall=14:08:38 elapsed=74.303s phase=eval event=dispatch trial=1 stage=1/2
[pipeline-trace] wall=14:08:38 elapsed=74.307s phase=eval event=dispatch trial=2 stage=1/2
[pipeline-trace] wall=14:08:38 elapsed=74.310s phase=eval event=dispatch trial=3 stage=1/2
[pipeline-trace] wall=14:08:39 elapsed=74.404s phase=eval event=complete trial=0 stage=1/2 stage_duration_sec=0.104
[pipeline-trace] wall=14:08:39 elapsed=74.405s phase=eval event=dispatch trial=0 stage=2/2
[pipeline-trace] wall=14:08:39 elapsed=74.503s phase=eval event=complete trial=0 stage=2/2 stage_duration_sec=0.098
[pipeline-trace] wall=14:08:39 elapsed=74.525s phase=eval event=complete trial=1 stage=1/2 stage_duration_sec=0.222
[pipeline-trace] wall=14:08:39 elapsed=74.526s phase=eval event=dispatch trial=1 stage=2/2
[pipeline-trace] wall=14:08:39 elapsed=74.617s phase=eval event=complete trial=2 stage=1/2 stage_duration_sec=0.311
[pipeline-trace] wall=14:08:39 elapsed=74.618s phase=eval event=dispatch trial=2 stage=2/2
[pipeline-trace] wall=14:08:39 elapsed=74.654s phase=eval event=complete trial=1 stage=2/2 stage_duration_sec=0.128
[pipeline-trace] wall=14:08:39 elapsed=74.709s phase=eval event=complete trial=3 stage=1/2 stage_duration_sec=0.399
[pipeline-trace] wall=14:08:39 elapsed=74.709s phase=eval event=dispatch trial=3 stage=2/2
[pipeline-trace] wall=14:08:39 elapsed=74.739s phase=eval event=complete trial=2 stage=2/2 stage_duration_sec=0.121
[pipeline-trace] wall=14:08:39 elapsed=74.824s phase=eval event=complete trial=3 stage=2/2 stage_duration_sec=0.114
[pipeline-trace] wall=14:08:39 elapsed=0.417s phase=train event=dispatch trial=0 stage=1/2
[pipeline-trace] wall=14:08:39 elapsed=0.422s phase=train event=dispatch trial=1 stage=1/2
[pipeline-trace] wall=14:08:39 elapsed=0.427s phase=train event=dispatch trial=2 stage=1/2
[pipeline-trace] wall=14:08:39 elapsed=0.432s phase=train event=dispatch trial=3 stage=1/2
[pipeline-trace] wall=14:08:51 elapsed=11.512s phase=train event=complete trial=0 stage=1/2 stage_duration_sec=11.094
[pipeline-trace] wall=14:08:51 elapsed=11.512s phase=train event=dispatch trial=0 stage=2/2
[pipeline-trace] wall=14:08:59 elapsed=20.094s phase=train event=complete trial=1 stage=1/2 stage_duration_sec=19.672
[pipeline-trace] wall=14:08:59 elapsed=20.095s phase=train event=dispatch trial=1 stage=2/2
[pipeline-trace] wall=14:09:00 elapsed=21.113s phase=train event=complete trial=0 stage=2/2 stage_duration_sec=9.600
[pipeline-trace] wall=14:09:08 elapsed=29.426s phase=train event=complete trial=1 stage=2/2 stage_duration_sec=9.331
[pipeline-trace] wall=14:09:10 elapsed=30.862s phase=train event=complete trial=2 stage=1/2 stage_duration_sec=30.435
[pipeline-trace] wall=14:09:10 elapsed=30.863s phase=train event=dispatch trial=2 stage=2/2
[pipeline-trace] wall=14:09:35 elapsed=56.302s phase=train event=complete trial=2 stage=2/2 stage_duration_sec=25.440
[pipeline-trace] wall=14:09:54 elapsed=74.799s phase=train event=complete trial=3 stage=1/2 stage_duration_sec=74.367
[pipeline-trace] wall=14:09:54 elapsed=74.801s phase=train event=dispatch trial=3 stage=2/2
[pipeline-trace] wall=14:10:51 elapsed=132.117s phase=train event=complete trial=3 stage=2/2 stage_duration_sec=57.315
[pipeline-trace] wall=14:10:51 elapsed=132.119s phase=eval event=dispatch trial=0 stage=1/2
[pipeline-trace] wall=14:10:51 elapsed=132.132s phase=eval event=dispatch trial=1 stage=1/2
[pipeline-trace] wall=14:10:51 elapsed=132.148s phase=eval event=dispatch trial=2 stage=1/2
[pipeline-trace] wall=14:10:51 elapsed=132.161s phase=eval event=dispatch trial=3 stage=1/2
[pipeline-trace] wall=14:10:52 elapsed=132.614s phase=eval event=complete trial=0 stage=1/2 stage_duration_sec=0.495
[pipeline-trace] wall=14:10:52 elapsed=132.616s phase=eval event=dispatch trial=0 stage=2/2
[pipeline-trace] wall=14:10:52 elapsed=133.050s phase=eval event=complete trial=1 stage=1/2 stage_duration_sec=0.918
[pipeline-trace] wall=14:10:52 elapsed=133.052s phase=eval event=dispatch trial=1 stage=2/2
[pipeline-trace] wall=14:10:52 elapsed=133.114s phase=eval event=complete trial=0 stage=2/2 stage_duration_sec=0.498
[pipeline-trace] wall=14:10:53 elapsed=133.529s phase=eval event=complete trial=1 stage=2/2 stage_duration_sec=0.477
[pipeline-trace] wall=14:10:53 elapsed=133.638s phase=eval event=complete trial=2 stage=1/2 stage_duration_sec=1.491
[pipeline-trace] wall=14:10:53 elapsed=133.640s phase=eval event=dispatch trial=2 stage=2/2
[pipeline-trace] wall=14:10:53 elapsed=134.164s phase=eval event=complete trial=2 stage=2/2 stage_duration_sec=0.523
[pipeline-trace] wall=14:10:53 elapsed=134.286s phase=eval event=complete trial=3 stage=1/2 stage_duration_sec=2.124
[pipeline-trace] wall=14:10:53 elapsed=134.288s phase=eval event=dispatch trial=3 stage=2/2
[pipeline-trace] wall=14:10:54 elapsed=134.996s phase=eval event=complete trial=3 stage=2/2 stage_duration_sec=0.708
[pipeline-trace] wall=14:10:56 elapsed=1.615s phase=train event=dispatch trial=0 stage=1/2
[pipeline-trace] wall=14:10:56 elapsed=1.625s phase=train event=dispatch trial=1 stage=1/2
[pipeline-trace] wall=14:10:56 elapsed=1.636s phase=train event=dispatch trial=2 stage=1/2
[pipeline-trace] wall=14:10:56 elapsed=1.646s phase=train event=dispatch trial=3 stage=1/2
[pipeline-trace] wall=14:11:43 elapsed=48.938s phase=train event=complete trial=0 stage=1/2 stage_duration_sec=47.323
[pipeline-trace] wall=14:11:43 elapsed=48.940s phase=train event=dispatch trial=0 stage=2/2
[pipeline-trace] wall=14:12:26 elapsed=92.104s phase=train event=complete trial=0 stage=2/2 stage_duration_sec=43.164
[pipeline-trace] wall=14:12:29 elapsed=95.085s phase=train event=complete trial=1 stage=1/2 stage_duration_sec=93.460
[pipeline-trace] wall=14:12:29 elapsed=95.087s phase=train event=dispatch trial=1 stage=2/2
[pipeline-trace] wall=14:13:08 elapsed=133.546s phase=train event=complete trial=2 stage=1/2 stage_duration_sec=131.910
[pipeline-trace] wall=14:13:08 elapsed=133.546s phase=train event=dispatch trial=2 stage=2/2
[pipeline-trace] wall=14:13:09 elapsed=134.545s phase=train event=complete trial=1 stage=2/2 stage_duration_sec=39.458
[pipeline-trace] wall=14:13:41 elapsed=167.284s phase=train event=complete trial=3 stage=1/2 stage_duration_sec=165.638
[pipeline-trace] wall=14:13:41 elapsed=167.286s phase=train event=dispatch trial=3 stage=2/2
[pipeline-trace] wall=14:13:47 elapsed=172.690s phase=train event=complete trial=2 stage=2/2 stage_duration_sec=39.144
[pipeline-trace] wall=14:14:21 elapsed=206.693s phase=train event=complete trial=3 stage=2/2 stage_duration_sec=39.407
[pipeline-trace] wall=14:14:21 elapsed=206.696s phase=eval event=dispatch trial=0 stage=1/2
[pipeline-trace] wall=14:14:21 elapsed=206.710s phase=eval event=dispatch trial=1 stage=1/2
[pipeline-trace] wall=14:14:21 elapsed=206.730s phase=eval event=dispatch trial=2 stage=1/2
[pipeline-trace] wall=14:14:21 elapsed=206.743s phase=eval event=dispatch trial=3 stage=1/2
[pipeline-trace] wall=14:14:21 elapsed=207.172s phase=eval event=complete trial=0 stage=1/2 stage_duration_sec=0.476
[pipeline-trace] wall=14:14:21 elapsed=207.173s phase=eval event=dispatch trial=0 stage=2/2
[pipeline-trace] wall=14:14:22 elapsed=207.562s phase=eval event=complete trial=0 stage=2/2 stage_duration_sec=0.389
[pipeline-trace] wall=14:14:22 elapsed=207.575s phase=eval event=complete trial=1 stage=1/2 stage_duration_sec=0.865
[pipeline-trace] wall=14:14:22 elapsed=207.577s phase=eval event=dispatch trial=1 stage=2/2
[pipeline-trace] wall=14:14:22 elapsed=208.012s phase=eval event=complete trial=1 stage=2/2 stage_duration_sec=0.436
[pipeline-trace] wall=14:14:22 elapsed=208.030s phase=eval event=complete trial=2 stage=1/2 stage_duration_sec=1.299
[pipeline-trace] wall=14:14:22 elapsed=208.031s phase=eval event=dispatch trial=2 stage=2/2
[pipeline-trace] wall=14:14:22 elapsed=208.362s phase=eval event=complete trial=3 stage=1/2 stage_duration_sec=1.619
[pipeline-trace] wall=14:14:22 elapsed=208.364s phase=eval event=dispatch trial=3 stage=2/2
[pipeline-trace] wall=14:14:23 elapsed=208.463s phase=eval event=complete trial=2 stage=2/2 stage_duration_sec=0.432
[pipeline-trace] wall=14:14:23 elapsed=208.800s phase=eval event=complete trial=3 stage=2/2 stage_duration_sec=0.436
[pipeline-trace] wall=14:14:24 elapsed=1.392s phase=train event=dispatch trial=0 stage=1/2
[pipeline-trace] wall=14:14:24 elapsed=1.402s phase=train event=dispatch trial=1 stage=1/2
[pipeline-trace] wall=14:14:24 elapsed=1.409s phase=train event=dispatch trial=2 stage=1/2
[pipeline-trace] wall=14:14:24 elapsed=1.418s phase=train event=dispatch trial=3 stage=1/2
[pipeline-trace] wall=14:15:08 elapsed=45.149s phase=train event=complete trial=0 stage=1/2 stage_duration_sec=43.757
[pipeline-trace] wall=14:15:08 elapsed=45.151s phase=train event=dispatch trial=0 stage=2/2
[pipeline-trace] wall=14:15:45 elapsed=82.220s phase=train event=complete trial=0 stage=2/2 stage_duration_sec=37.069
[pipeline-trace] wall=14:16:12 elapsed=108.710s phase=train event=complete trial=1 stage=1/2 stage_duration_sec=107.308
[pipeline-trace] wall=14:16:12 elapsed=108.712s phase=train event=dispatch trial=1 stage=2/2
[pipeline-trace] wall=14:16:51 elapsed=147.640s phase=train event=complete trial=2 stage=1/2 stage_duration_sec=146.231
[pipeline-trace] wall=14:16:51 elapsed=147.642s phase=train event=dispatch trial=2 stage=2/2
[pipeline-trace] wall=14:17:11 elapsed=168.545s phase=train event=complete trial=1 stage=2/2 stage_duration_sec=59.833
[pipeline-trace] wall=14:17:29 elapsed=186.379s phase=train event=complete trial=3 stage=1/2 stage_duration_sec=184.961
[pipeline-trace] wall=14:17:29 elapsed=186.381s phase=train event=dispatch trial=3 stage=2/2
[pipeline-trace] wall=14:17:49 elapsed=205.813s phase=train event=complete trial=2 stage=2/2 stage_duration_sec=58.171
[pipeline-trace] wall=14:18:25 elapsed=242.022s phase=train event=complete trial=3 stage=2/2 stage_duration_sec=55.641
[pipeline-trace] wall=14:18:25 elapsed=242.023s phase=eval event=dispatch trial=0 stage=1/2
[pipeline-trace] wall=14:18:25 elapsed=242.036s phase=eval event=dispatch trial=1 stage=1/2
[pipeline-trace] wall=14:18:25 elapsed=242.052s phase=eval event=dispatch trial=2 stage=1/2
[pipeline-trace] wall=14:18:25 elapsed=242.204s phase=eval event=dispatch trial=3 stage=1/2
[pipeline-trace] wall=14:18:25 elapsed=242.443s phase=eval event=complete trial=0 stage=1/2 stage_duration_sec=0.420
[pipeline-trace] wall=14:18:25 elapsed=242.445s phase=eval event=dispatch trial=0 stage=2/2
[pipeline-trace] wall=14:18:26 elapsed=242.818s phase=eval event=complete trial=0 stage=2/2 stage_duration_sec=0.374
[pipeline-trace] wall=14:18:26 elapsed=243.068s phase=eval event=complete trial=1 stage=1/2 stage_duration_sec=1.032
[pipeline-trace] wall=14:18:26 elapsed=243.070s phase=eval event=dispatch trial=1 stage=2/2
[pipeline-trace] wall=14:18:26 elapsed=243.445s phase=eval event=complete trial=2 stage=1/2 stage_duration_sec=1.393
[pipeline-trace] wall=14:18:26 elapsed=243.446s phase=eval event=dispatch trial=2 stage=2/2
[pipeline-trace] wall=14:18:27 elapsed=243.696s phase=eval event=complete trial=1 stage=2/2 stage_duration_sec=0.625
[pipeline-trace] wall=14:18:27 elapsed=243.849s phase=eval event=complete trial=3 stage=1/2 stage_duration_sec=1.646
[pipeline-trace] wall=14:18:27 elapsed=243.851s phase=eval event=dispatch trial=3 stage=2/2
[pipeline-trace] wall=14:18:27 elapsed=244.041s phase=eval event=complete trial=2 stage=2/2 stage_duration_sec=0.594
[pipeline-trace] wall=14:18:27 elapsed=244.437s phase=eval event=complete trial=3 stage=2/2 stage_duration_sec=0.586
[pipeline-trace] wall=14:18:29 elapsed=1.248s phase=train event=dispatch trial=0 stage=1/2
[pipeline-trace] wall=14:18:29 elapsed=1.258s phase=train event=dispatch trial=1 stage=1/2
[pipeline-trace] wall=14:18:29 elapsed=1.268s phase=train event=dispatch trial=2 stage=1/2
[pipeline-trace] wall=14:18:29 elapsed=1.279s phase=train event=dispatch trial=3 stage=1/2
[pipeline-trace] wall=14:19:14 elapsed=46.696s phase=train event=complete trial=0 stage=1/2 stage_duration_sec=45.448
[pipeline-trace] wall=14:19:14 elapsed=46.698s phase=train event=dispatch trial=0 stage=2/2
[pipeline-trace] wall=14:19:51 elapsed=83.906s phase=train event=complete trial=1 stage=1/2 stage_duration_sec=82.648
[pipeline-trace] wall=14:19:51 elapsed=83.907s phase=train event=dispatch trial=1 stage=2/2
[pipeline-trace] wall=14:19:53 elapsed=85.789s phase=train event=complete trial=0 stage=2/2 stage_duration_sec=39.091
[pipeline-trace] wall=14:20:29 elapsed=121.909s phase=train event=complete trial=1 stage=2/2 stage_duration_sec=38.002
[pipeline-trace] wall=14:20:49 elapsed=141.794s phase=train event=complete trial=2 stage=1/2 stage_duration_sec=140.526
[pipeline-trace] wall=14:20:49 elapsed=141.795s phase=train event=dispatch trial=2 stage=2/2
[pipeline-trace] wall=14:21:26 elapsed=178.858s phase=train event=complete trial=3 stage=1/2 stage_duration_sec=177.579
[pipeline-trace] wall=14:21:26 elapsed=178.860s phase=train event=dispatch trial=3 stage=2/2
[pipeline-trace] wall=14:21:45 elapsed=197.176s phase=train event=complete trial=2 stage=2/2 stage_duration_sec=55.381
[pipeline-trace] wall=14:22:18 elapsed=230.955s phase=train event=complete trial=3 stage=2/2 stage_duration_sec=52.095
[pipeline-trace] wall=14:22:18 elapsed=230.958s phase=eval event=dispatch trial=0 stage=1/2
[pipeline-trace] wall=14:22:18 elapsed=230.972s phase=eval event=dispatch trial=1 stage=1/2
[pipeline-trace] wall=14:22:18 elapsed=230.986s phase=eval event=dispatch trial=2 stage=1/2
[pipeline-trace] wall=14:22:18 elapsed=231.000s phase=eval event=dispatch trial=3 stage=1/2
[pipeline-trace] wall=14:22:19 elapsed=231.380s phase=eval event=complete trial=0 stage=1/2 stage_duration_sec=0.422
[pipeline-trace] wall=14:22:19 elapsed=231.381s phase=eval event=dispatch trial=0 stage=2/2
[pipeline-trace] wall=14:22:19 elapsed=231.729s phase=eval event=complete trial=1 stage=1/2 stage_duration_sec=0.757
[pipeline-trace] wall=14:22:19 elapsed=231.731s phase=eval event=dispatch trial=1 stage=2/2
[pipeline-trace] wall=14:22:19 elapsed=231.772s phase=eval event=complete trial=0 stage=2/2 stage_duration_sec=0.391
[pipeline-trace] wall=14:22:20 elapsed=232.112s phase=eval event=complete trial=1 stage=2/2 stage_duration_sec=0.381
[pipeline-trace] wall=14:22:20 elapsed=232.231s phase=eval event=complete trial=2 stage=1/2 stage_duration_sec=1.246
[pipeline-trace] wall=14:22:20 elapsed=232.233s phase=eval event=dispatch trial=2 stage=2/2
[pipeline-trace] wall=14:22:20 elapsed=232.577s phase=eval event=complete trial=3 stage=1/2 stage_duration_sec=1.578
[pipeline-trace] wall=14:22:20 elapsed=232.579s phase=eval event=dispatch trial=3 stage=2/2
[pipeline-trace] wall=14:22:20 elapsed=232.774s phase=eval event=complete trial=2 stage=2/2 stage_duration_sec=0.541
[pipeline-trace] wall=14:22:21 elapsed=233.122s phase=eval event=complete trial=3 stage=2/2 stage_duration_sec=0.543
[pipeline-trace] wall=14:22:22 elapsed=1.239s phase=train event=dispatch trial=0 stage=1/2
[pipeline-trace] wall=14:22:22 elapsed=1.247s phase=train event=dispatch trial=1 stage=1/2
[pipeline-trace] wall=14:22:55 elapsed=34.266s phase=train event=complete trial=0 stage=1/2 stage_duration_sec=33.026
[pipeline-trace] wall=14:22:55 elapsed=34.267s phase=train event=dispatch trial=0 stage=2/2
[pipeline-trace] wall=14:23:27 elapsed=66.415s phase=train event=complete trial=0 stage=2/2 stage_duration_sec=32.148
[pipeline-trace] wall=14:23:35 elapsed=74.035s phase=train event=complete trial=1 stage=1/2 stage_duration_sec=72.788
[pipeline-trace] wall=14:23:35 elapsed=74.037s phase=train event=dispatch trial=1 stage=2/2
[pipeline-trace] wall=14:24:11 elapsed=110.703s phase=train event=complete trial=1 stage=2/2 stage_duration_sec=36.666
[pipeline-trace] wall=14:24:11 elapsed=110.705s phase=eval event=dispatch trial=0 stage=1/2
[pipeline-trace] wall=14:24:11 elapsed=110.718s phase=eval event=dispatch trial=1 stage=1/2
[pipeline-trace] wall=14:24:12 elapsed=111.052s phase=eval event=complete trial=0 stage=1/2 stage_duration_sec=0.347
[pipeline-trace] wall=14:24:12 elapsed=111.054s phase=eval event=dispatch trial=0 stage=2/2
[pipeline-trace] wall=14:24:12 elapsed=111.376s phase=eval event=complete trial=0 stage=2/2 stage_duration_sec=0.322
[pipeline-trace] wall=14:24:12 elapsed=111.421s phase=eval event=complete trial=1 stage=1/2 stage_duration_sec=0.703
[pipeline-trace] wall=14:24:12 elapsed=111.422s phase=eval event=dispatch trial=1 stage=2/2
[pipeline-trace] wall=14:24:12 elapsed=111.789s phase=eval event=complete trial=1 stage=2/2 stage_duration_sec=0.366
[pipeline-trace] wall=14:24:14 elapsed=1.315s phase=train event=dispatch trial=0 stage=1/2
[pipeline-trace] wall=14:24:14 elapsed=1.326s phase=train event=dispatch trial=1 stage=1/2
[pipeline-trace] wall=14:24:14 elapsed=1.333s phase=train event=dispatch trial=2 stage=1/2
[pipeline-trace] wall=14:24:14 elapsed=1.339s phase=train event=dispatch trial=3 stage=1/2
[pipeline-trace] wall=14:24:14 elapsed=1.347s phase=train event=dispatch trial=4 stage=1/2
[pipeline-trace] wall=14:24:14 elapsed=1.354s phase=train event=dispatch trial=5 stage=1/2
[pipeline-trace] wall=14:24:14 elapsed=1.359s phase=train event=dispatch trial=6 stage=1/2
[pipeline-trace] wall=14:24:14 elapsed=1.365s phase=train event=dispatch trial=7 stage=1/2
[pipeline-trace] wall=14:25:20 elapsed=67.568s phase=train event=complete trial=0 stage=1/2 stage_duration_sec=66.253
[pipeline-trace] wall=14:25:20 elapsed=67.570s phase=train event=dispatch trial=0 stage=2/2
[pipeline-trace] wall=14:26:20 elapsed=127.490s phase=train event=complete trial=1 stage=1/2 stage_duration_sec=126.164
[pipeline-trace] wall=14:26:20 elapsed=127.492s phase=train event=dispatch trial=1 stage=2/2
[pipeline-trace] wall=14:26:25 elapsed=132.647s phase=train event=complete trial=0 stage=2/2 stage_duration_sec=65.077
[pipeline-trace] wall=14:27:19 elapsed=186.196s phase=train event=complete trial=2 stage=1/2 stage_duration_sec=184.863
[pipeline-trace] wall=14:27:19 elapsed=186.198s phase=train event=dispatch trial=2 stage=2/2
[pipeline-trace] wall=14:27:21 elapsed=189.055s phase=train event=complete trial=1 stage=2/2 stage_duration_sec=61.563
[pipeline-trace] wall=14:28:19 elapsed=246.625s phase=train event=complete trial=2 stage=2/2 stage_duration_sec=60.427
[pipeline-trace] wall=14:28:26 elapsed=254.001s phase=train event=complete trial=3 stage=1/2 stage_duration_sec=252.662
[pipeline-trace] wall=14:28:26 elapsed=254.002s phase=train event=dispatch trial=3 stage=2/2
[pipeline-trace] wall=14:29:27 elapsed=314.900s phase=train event=complete trial=4 stage=1/2 stage_duration_sec=313.553
[pipeline-trace] wall=14:29:27 elapsed=314.902s phase=train event=dispatch trial=4 stage=2/2
[pipeline-trace] wall=14:29:33 elapsed=321.048s phase=train event=complete trial=3 stage=2/2 stage_duration_sec=67.046
[pipeline-trace] wall=14:30:30 elapsed=377.153s phase=train event=complete trial=4 stage=2/2 stage_duration_sec=62.251
[pipeline-trace] wall=14:31:11 elapsed=418.298s phase=train event=complete trial=5 stage=1/2 stage_duration_sec=416.944
[pipeline-trace] wall=14:31:11 elapsed=418.299s phase=train event=dispatch trial=5 stage=2/2
[pipeline-trace] wall=14:32:14 elapsed=481.136s phase=train event=complete trial=6 stage=1/2 stage_duration_sec=479.777
[pipeline-trace] wall=14:32:14 elapsed=481.138s phase=train event=dispatch trial=6 stage=2/2
[pipeline-trace] wall=14:32:48 elapsed=516.010s phase=train event=complete trial=5 stage=2/2 stage_duration_sec=97.710
[pipeline-trace] wall=14:33:16 elapsed=543.355s phase=train event=complete trial=7 stage=1/2 stage_duration_sec=541.991
[pipeline-trace] wall=14:33:16 elapsed=543.357s phase=train event=dispatch trial=7 stage=2/2
[pipeline-trace] wall=14:33:51 elapsed=578.629s phase=train event=complete trial=6 stage=2/2 stage_duration_sec=97.492
[pipeline-trace] wall=14:34:52 elapsed=639.097s phase=train event=complete trial=7 stage=2/2 stage_duration_sec=95.740
[pipeline-trace] wall=14:34:52 elapsed=639.099s phase=eval event=dispatch trial=0 stage=1/2
[pipeline-trace] wall=14:34:52 elapsed=639.114s phase=eval event=dispatch trial=1 stage=1/2
[pipeline-trace] wall=14:34:52 elapsed=639.124s phase=eval event=dispatch trial=2 stage=1/2
[pipeline-trace] wall=14:34:52 elapsed=639.135s phase=eval event=dispatch trial=3 stage=1/2
[pipeline-trace] wall=14:34:52 elapsed=639.148s phase=eval event=dispatch trial=4 stage=1/2
[pipeline-trace] wall=14:34:52 elapsed=639.159s phase=eval event=dispatch trial=5 stage=1/2
[pipeline-trace] wall=14:34:52 elapsed=639.172s phase=eval event=dispatch trial=6 stage=1/2
[pipeline-trace] wall=14:34:52 elapsed=639.183s phase=eval event=dispatch trial=7 stage=1/2
[pipeline-trace] wall=14:34:52 elapsed=639.506s phase=eval event=complete trial=0 stage=1/2 stage_duration_sec=0.408
[pipeline-trace] wall=14:34:52 elapsed=639.508s phase=eval event=dispatch trial=0 stage=2/2
[pipeline-trace] wall=14:34:52 elapsed=640.007s phase=eval event=complete trial=1 stage=1/2 stage_duration_sec=0.894
[pipeline-trace] wall=14:34:52 elapsed=640.009s phase=eval event=dispatch trial=1 stage=2/2
[pipeline-trace] wall=14:34:52 elapsed=640.054s phase=eval event=complete trial=0 stage=2/2 stage_duration_sec=0.546
[pipeline-trace] wall=14:34:53 elapsed=640.450s phase=eval event=complete trial=2 stage=1/2 stage_duration_sec=1.325
[pipeline-trace] wall=14:34:53 elapsed=640.451s phase=eval event=dispatch trial=2 stage=2/2
[pipeline-trace] wall=14:34:53 elapsed=640.504s phase=eval event=complete trial=1 stage=2/2 stage_duration_sec=0.495
[pipeline-trace] wall=14:34:53 elapsed=641.002s phase=eval event=complete trial=2 stage=2/2 stage_duration_sec=0.551
[pipeline-trace] wall=14:34:53 elapsed=641.076s phase=eval event=complete trial=3 stage=1/2 stage_duration_sec=1.941
[pipeline-trace] wall=14:34:54 elapsed=641.734s phase=eval event=dispatch trial=3 stage=2/2
[pipeline-trace] wall=14:34:54 elapsed=641.778s phase=eval event=complete trial=4 stage=1/2 stage_duration_sec=2.630
[pipeline-trace] wall=14:34:54 elapsed=641.780s phase=eval event=dispatch trial=4 stage=2/2
[pipeline-trace] wall=14:34:55 elapsed=642.480s phase=eval event=complete trial=3 stage=2/2 stage_duration_sec=0.746
[pipeline-trace] wall=14:34:55 elapsed=642.681s phase=eval event=complete trial=5 stage=1/2 stage_duration_sec=3.521
[pipeline-trace] wall=14:34:55 elapsed=642.683s phase=eval event=dispatch trial=5 stage=2/2
[pipeline-trace] wall=14:34:55 elapsed=642.932s phase=eval event=complete trial=4 stage=2/2 stage_duration_sec=1.152
[pipeline-trace] wall=14:34:56 elapsed=643.211s phase=eval event=complete trial=6 stage=1/2 stage_duration_sec=4.039
[pipeline-trace] wall=14:34:56 elapsed=643.212s phase=eval event=dispatch trial=6 stage=2/2
[pipeline-trace] wall=14:34:56 elapsed=643.759s phase=eval event=complete trial=5 stage=2/2 stage_duration_sec=1.076
[pipeline-trace] wall=14:34:56 elapsed=643.938s phase=eval event=complete trial=7 stage=1/2 stage_duration_sec=4.755
[pipeline-trace] wall=14:34:56 elapsed=643.940s phase=eval event=dispatch trial=7 stage=2/2
[pipeline-trace] wall=14:34:57 elapsed=644.373s phase=eval event=complete trial=6 stage=2/2 stage_duration_sec=1.160
[pipeline-trace] wall=14:34:57 elapsed=644.800s phase=eval event=complete trial=7 stage=2/2 stage_duration_sec=0.860
